<?xml version="1.0" encoding="UTF-8"?>
<testng-results ignored="0" total="1" passed="1" failed="0" skipped="0">
  <reporter-output>
  </reporter-output>
  <suite started-at="2025-12-17T08:37:24 IST" name="Default suite" finished-at="2025-12-17T08:37:24 IST" duration-ms="65">
    <groups>
      <group name="smoke">
        <method signature="Prac1Test.CarTest()[pri:0, instance:Demo.Prac1Test@49139829]" name="CarTest" class="Demo.Prac1Test"/>
      </group> <!-- smoke -->
    </groups>
    <test started-at="2025-12-17T08:37:24 IST" name="Default test" finished-at="2025-12-17T08:37:24 IST" duration-ms="65">
      <class name="Demo.Prac1Test">
        <test-method signature="CarTest()[pri:0, instance:Demo.Prac1Test@49139829]" started-at="2025-12-17T08:37:24 IST" name="CarTest" finished-at="2025-12-17T08:37:24 IST" duration-ms="12" status="PASS">
          <reporter-output>
          </reporter-output>
        </test-method> <!-- CarTest -->
      </class> <!-- Demo.Prac1Test -->
    </test> <!-- Default test -->
  </suite> <!-- Default suite -->
</testng-results>
